<?xml version="1.0" encoding="UTF-8"?>
<!-- Generated by org.testng.reporters.JUnitReportReporter -->
<testsuite hostname="LAPTOP-OIQQGHKO" failures="0" tests="1" name="Day6.XMLSchemavalidations" time="1.746" errors="0" timestamp="2023-04-22T01:49:14 IST" skipped="0">
  <testcase classname="Day6.XMLSchemavalidations" name="xmlvalidator" time="1.746"/>
  <system-out/>
</testsuite> <!-- Day6.XMLSchemavalidations -->
