<?xml version="1.0" encoding="UTF-8"?>
<!-- Generated by org.testng.reporters.JUnitReportReporter -->
<testsuite hostname="LAPTOP-OIQQGHKO" failures="0" tests="2" name="Day5.Fileuploadanddownload" time="1.911" errors="0" timestamp="2023-04-20T21:18:17 IST" skipped="0">
  <testcase classname="Day5.Fileuploadanddownload" name="filedownload" time="0.030"/>
  <system-out/>
  <testcase classname="Day5.Fileuploadanddownload" name="singleFileupload" time="1.881"/>
  <system-out/>
</testsuite> <!-- Day5.Fileuploadanddownload -->
