<?xml version="1.0" encoding="UTF-8"?>
<!-- Generated by org.testng.reporters.JUnitReportReporter -->
<testsuite hostname="LAPTOP-OIQQGHKO" failures="0" tests="1" name="Day8.deleteuser" time="0.291" errors="0" timestamp="2023-05-07T21:44:32 IST" skipped="0">
  <testcase classname="Day8.deleteuser" name="test_deleteuser" time="0.291"/>
  <system-out/>
</testsuite> <!-- Day8.deleteuser -->
