<?xml version="1.0" encoding="UTF-8"?>
<!-- Generated by org.testng.reporters.JUnitReportReporter -->
<testsuite hostname="LAPTOP-OIQQGHKO" failures="0" tests="1" name="Day5.ParsingXMLresponse" time="4.372" errors="0" timestamp="2023-04-20T12:07:41 IST" skipped="0">
  <testcase classname="Day5.ParsingXMLresponse" name="testXMLResponse" time="4.372"/>
  <system-out/>
</testsuite> <!-- Day5.ParsingXMLresponse -->
