<?xml version="1.0" encoding="UTF-8"?>
<!-- Generated by org.testng.reporters.JUnitReportReporter -->
<testsuite hostname="LAPTOP-OIQQGHKO" failures="0" tests="3" name="Day2.differentwaystocreatepostrequestbody" time="3.681" errors="0" timestamp="2023-04-15T22:04:20 IST" skipped="0">
  <testcase classname="Day2.differentwaystocreatepostrequestbody" name="showall" time="0.047"/>
  <system-out/>
  <testcase classname="Day2.differentwaystocreatepostrequestbody" name="testDelete" time="0.061"/>
  <system-out/>
  <testcase classname="Day2.differentwaystocreatepostrequestbody" name="testpostusingexternaljson" time="3.573"/>
  <system-out/>
</testsuite> <!-- Day2.differentwaystocreatepostrequestbody -->
