<?xml version="1.0" encoding="UTF-8"?>
<!-- Generated by org.testng.reporters.JUnitReportReporter -->
<testsuite hostname="LAPTOP-OIQQGHKO" failures="0" tests="2" name="Day5.singlefileuploadanddownload_forstaticvalue" time="1.549" errors="0" timestamp="2023-04-20T21:53:09 IST" skipped="0">
  <testcase classname="Day5.singlefileuploadanddownload_forstaticvalue" name="singlefileupload" time="1.505"/>
  <system-out/>
  <testcase classname="Day5.singlefileuploadanddownload_forstaticvalue" name="singlefiledownlaodcheck" time="0.044"/>
  <system-out/>
</testsuite> <!-- Day5.singlefileuploadanddownload_forstaticvalue -->
