<?xml version="1.0" encoding="UTF-8"?>
<!-- Generated by org.testng.reporters.JUnitReportReporter -->
<testsuite hostname="LAPTOP-OIQQGHKO" failures="0" tests="2" name="Day6.serializationanddeserialization" time="0.304" errors="0" timestamp="2023-04-22T03:33:00 IST" skipped="0">
  <testcase classname="Day6.serializationanddeserialization" name="serialization" time="0.281"/>
  <system-out/>
  <testcase classname="Day6.serializationanddeserialization" name="de_serialization" time="0.023"/>
  <system-out/>
</testsuite> <!-- Day6.serializationanddeserialization -->
