<?xml version="1.0" encoding="UTF-8"?>
<!-- Generated by org.testng.reporters.JUnitReportReporter -->
<testsuite hostname="LAPTOP-OIQQGHKO" failures="0" tests="1" name="Day3.PathandQueryParameters" time="2.228" errors="0" timestamp="2023-04-16T19:55:37 IST" skipped="0">
  <testcase classname="Day3.PathandQueryParameters" name="testqueryandpathparameters" time="2.228"/>
  <system-out/>
</testsuite> <!-- Day3.PathandQueryParameters -->
