<?xml version="1.0" encoding="UTF-8"?>
<!-- Generated by org.testng.reporters.JUnitReportReporter -->
<testsuite hostname="LAPTOP-OIQQGHKO" failures="0" tests="1" name="Day8.Getuser" time="0.348" errors="0" timestamp="2023-05-07T21:44:32 IST" skipped="0">
  <testcase classname="Day8.Getuser" name="test_getuser" time="0.348"/>
  <system-out/>
</testsuite> <!-- Day8.Getuser -->
