<?xml version="1.0" encoding="UTF-8"?>
<!-- Generated by org.testng.reporters.JUnitReportReporter -->
<testsuite hostname="LAPTOP-OIQQGHKO" failures="0" tests="1" name="Day3.loggingdemo" time="3.332" errors="0" timestamp="2023-04-17T00:40:01 IST" skipped="0">
  <testcase classname="Day3.loggingdemo" name="loggingtest" time="3.332"/>
  <system-out/>
</testsuite> <!-- Day3.loggingdemo -->
