<?xml version="1.0" encoding="UTF-8"?>
<!-- Generated by org.testng.reporters.JUnitReportReporter -->
<testsuite hostname="LAPTOP-OIQQGHKO" failures="0" tests="1" name="Day4.ParsingJsonresponse" time="1.537" errors="0" timestamp="2023-05-01T02:41:17 IST" skipped="0">
  <testcase classname="Day4.ParsingJsonresponse" name="testJsonResponse" time="1.537"/>
  <system-out/>
</testsuite> <!-- Day4.ParsingJsonresponse -->
