<?xml version="1.0" encoding="UTF-8"?>
<!-- Generated by org.testng.reporters.JUnitReportReporter -->
<testsuite hostname="LAPTOP-OIQQGHKO" failures="0" tests="2" name="check.Fileuploadanddownload_fordynamicvalue" time="2.404" errors="0" timestamp="2023-04-20T23:57:55 IST" skipped="0">
  <testcase classname="check.Fileuploadanddownload_fordynamicvalue" name="multipleFileupload" time="2.323"/>
  <system-out/>
  <testcase classname="check.Fileuploadanddownload_fordynamicvalue" name="multiplefiledownloadcheck" time="0.081"/>
  <system-out/>
</testsuite> <!-- check.Fileuploadanddownload_fordynamicvalue -->
