<?xml version="1.0" encoding="UTF-8"?>
<!-- Generated by org.testng.reporters.JUnitReportReporter -->
<testsuite hostname="LAPTOP-OIQQGHKO" failures="0" tests="1" name="check.parsing" time="0.009" errors="0" timestamp="2023-04-20T16:10:28 IST" skipped="0">
  <testcase classname="check.parsing" name="testXMLParsing" time="0.009"/>
  <system-out/>
</testsuite> <!-- check.parsing -->
