<?xml version="1.0" encoding="UTF-8"?>
<!-- Generated by org.testng.reporters.JUnitReportReporter -->
<testsuite hostname="LAPTOP-OIQQGHKO" failures="0" tests="2" name="Day3.headersdemo" time="3.159" errors="0" timestamp="2023-04-17T00:19:27 IST" skipped="0">
  <testcase classname="Day3.headersdemo" name="validateheaders" time="2.818"/>
  <system-out/>
  <testcase classname="Day3.headersdemo" name="captureheaders" time="0.341"/>
  <system-out/>
</testsuite> <!-- Day3.headersdemo -->
