<?xml version="1.0" encoding="UTF-8"?>
<!-- Generated by org.testng.reporters.JUnitReportReporter -->
<testsuite hostname="LAPTOP-OIQQGHKO" failures="0" tests="1" name="Day7.Authentication" time="3.811" errors="0" timestamp="2023-05-01T01:40:12 IST" skipped="0">
  <testcase classname="Day7.Authentication" name="testAPIkeyAuthentication" time="3.811"/>
  <system-out/>
</testsuite> <!-- Day7.Authentication -->
