<?xml version="1.0" encoding="UTF-8"?>
<!-- Generated by org.testng.reporters.JUnitReportReporter -->
<testsuite hostname="LAPTOP-OIQQGHKO" failures="0" tests="1" name="Day3.cookiesdemo" time="3.533" errors="0" timestamp="2023-04-16T23:31:51 IST" skipped="0">
  <testcase classname="Day3.cookiesdemo" name="displayselectedcookies" time="3.533"/>
  <system-out/>
</testsuite> <!-- Day3.cookiesdemo -->
