<?xml version="1.0" encoding="UTF-8"?>
<!-- Generated by org.testng.reporters.JUnitReportReporter -->
<testsuite hostname="LAPTOP-OIQQGHKO" failures="0" tests="1" name="Day6.JSONSchemavalidations" time="2.030" errors="0" timestamp="2023-04-22T00:28:03 IST" skipped="0">
  <testcase classname="Day6.JSONSchemavalidations" name="JSONSchemavalidation" time="2.030"/>
  <system-out/>
</testsuite> <!-- Day6.JSONSchemavalidations -->
